<?xml version="1.0" encoding="UTF-8"?>
<!-- Generated by org.testng.reporters.JUnitReportReporter -->
<testsuite skipped="0" hostname="saviour" name="pack.Sample" tests="1" failures="0" timestamp="19 Apr 2020 11:50:26 GMT" time="21.142" errors="0">
  <testcase name="test1" time="21.142" classname="pack.Sample"/>
</testsuite> <!-- pack.Sample -->
